
2019-06-12 23:38:17,931 - root - INFO - status:cmd:/home/clearlinux-microservice-test/1.sh /home/clearlinux-microservice-test make status
2019-06-12 23:38:39,624 - root - INFO - test:cmd:/home/clearlinux-microservice-test/1.sh /home/clearlinux-microservice-test make memcached 
2019-06-12 23:38:39,624 - root - INFO - test:cmd:/home/clearlinux-microservice-test/1.sh /home/clearlinux-microservice-test make memcached 
2019-06-12 23:43:54,614 - root - INFO - test:cmd:/home/clearlinux-microservice-test/1.sh /home/clearlinux-microservice-test make php 
2019-06-12 23:43:54,614 - root - INFO - test:cmd:/home/clearlinux-microservice-test/1.sh /home/clearlinux-microservice-test make php 
2019-06-12 23:43:54,614 - root - INFO - test:cmd:/home/clearlinux-microservice-test/1.sh /home/clearlinux-microservice-test make php 
2019-06-13 00:04:54,290 - root - INFO - test:cmd:/home/clearlinux-microservice-test/1.sh /home/clearlinux-microservice-test make python 
2019-06-13 00:04:54,290 - root - INFO - test:cmd:/home/clearlinux-microservice-test/1.sh /home/clearlinux-microservice-test make python 
2019-06-13 00:04:54,290 - root - INFO - test:cmd:/home/clearlinux-microservice-test/1.sh /home/clearlinux-microservice-test make python 
2019-06-13 00:04:54,290 - root - INFO - test:cmd:/home/clearlinux-microservice-test/1.sh /home/clearlinux-microservice-test make python 
2019-06-13 00:19:59,942 - root - INFO - test:cmd:/home/clearlinux-microservice-test/1.sh /home/clearlinux-microservice-test make golang 
2019-06-13 00:19:59,942 - root - INFO - test:cmd:/home/clearlinux-microservice-test/1.sh /home/clearlinux-microservice-test make golang 
2019-06-13 00:19:59,942 - root - INFO - test:cmd:/home/clearlinux-microservice-test/1.sh /home/clearlinux-microservice-test make golang 
2019-06-13 00:19:59,942 - root - INFO - test:cmd:/home/clearlinux-microservice-test/1.sh /home/clearlinux-microservice-test make golang 
2019-06-13 00:19:59,942 - root - INFO - test:cmd:/home/clearlinux-microservice-test/1.sh /home/clearlinux-microservice-test make golang 
2019-06-13 00:47:23,989 - root - INFO - test:cmd:/home/clearlinux-microservice-test/1.sh /home/clearlinux-microservice-test make openjdk 
2019-06-13 00:47:23,989 - root - INFO - test:cmd:/home/clearlinux-microservice-test/1.sh /home/clearlinux-microservice-test make openjdk 
2019-06-13 00:47:23,989 - root - INFO - test:cmd:/home/clearlinux-microservice-test/1.sh /home/clearlinux-microservice-test make openjdk 
2019-06-13 00:47:23,989 - root - INFO - test:cmd:/home/clearlinux-microservice-test/1.sh /home/clearlinux-microservice-test make openjdk 
2019-06-13 00:47:23,989 - root - INFO - test:cmd:/home/clearlinux-microservice-test/1.sh /home/clearlinux-microservice-test make openjdk 
2019-06-13 00:47:23,989 - root - INFO - test:cmd:/home/clearlinux-microservice-test/1.sh /home/clearlinux-microservice-test make openjdk 
2019-06-13 02:11:07,754 - root - INFO - test:cmd:/home/clearlinux-microservice-test/1.sh /home/clearlinux-microservice-test make perl 
2019-06-13 02:11:07,754 - root - INFO - test:cmd:/home/clearlinux-microservice-test/1.sh /home/clearlinux-microservice-test make perl 
2019-06-13 02:11:07,754 - root - INFO - test:cmd:/home/clearlinux-microservice-test/1.sh /home/clearlinux-microservice-test make perl 
2019-06-13 02:11:07,754 - root - INFO - test:cmd:/home/clearlinux-microservice-test/1.sh /home/clearlinux-microservice-test make perl 
2019-06-13 02:11:07,754 - root - INFO - test:cmd:/home/clearlinux-microservice-test/1.sh /home/clearlinux-microservice-test make perl 
2019-06-13 02:11:07,754 - root - INFO - test:cmd:/home/clearlinux-microservice-test/1.sh /home/clearlinux-microservice-test make perl 
2019-06-13 02:11:07,754 - root - INFO - test:cmd:/home/clearlinux-microservice-test/1.sh /home/clearlinux-microservice-test make perl 
2019-06-13 02:34:38,156 - root - INFO - test:cmd:/home/clearlinux-microservice-test/1.sh /home/clearlinux-microservice-test make ruby 
2019-06-13 02:34:38,156 - root - INFO - test:cmd:/home/clearlinux-microservice-test/1.sh /home/clearlinux-microservice-test make ruby 
2019-06-13 02:34:38,156 - root - INFO - test:cmd:/home/clearlinux-microservice-test/1.sh /home/clearlinux-microservice-test make ruby 
2019-06-13 02:34:38,156 - root - INFO - test:cmd:/home/clearlinux-microservice-test/1.sh /home/clearlinux-microservice-test make ruby 
2019-06-13 02:34:38,156 - root - INFO - test:cmd:/home/clearlinux-microservice-test/1.sh /home/clearlinux-microservice-test make ruby 
2019-06-13 02:34:38,156 - root - INFO - test:cmd:/home/clearlinux-microservice-test/1.sh /home/clearlinux-microservice-test make ruby 
2019-06-13 02:34:38,156 - root - INFO - test:cmd:/home/clearlinux-microservice-test/1.sh /home/clearlinux-microservice-test make ruby 
2019-06-13 02:34:38,156 - root - INFO - test:cmd:/home/clearlinux-microservice-test/1.sh /home/clearlinux-microservice-test make ruby 
2019-06-13 05:27:02,393 - root - INFO - Successfully written：status_json
2019-06-13 05:27:02,393 - root - INFO - Successfully written：status_json
2019-06-13 05:27:02,393 - root - INFO - Successfully written：status_json
2019-06-13 05:27:02,393 - root - INFO - Successfully written：status_json
2019-06-13 05:27:02,393 - root - INFO - Successfully written：status_json
2019-06-13 05:27:02,393 - root - INFO - Successfully written：status_json
2019-06-13 05:27:02,393 - root - INFO - Successfully written：status_json
2019-06-13 05:27:02,393 - root - INFO - Successfully written：status_json
2019-06-13 05:27:02,393 - root - INFO - Successfully written：status_json
2019-06-13 05:27:02,595 - root - INFO - Successfully written：test_json
2019-06-13 05:27:02,595 - root - INFO - Successfully written：test_json
2019-06-13 05:27:02,595 - root - INFO - Successfully written：test_json
2019-06-13 05:27:02,595 - root - INFO - Successfully written：test_json
2019-06-13 05:27:02,595 - root - INFO - Successfully written：test_json
2019-06-13 05:27:02,595 - root - INFO - Successfully written：test_json
2019-06-13 05:27:02,595 - root - INFO - Successfully written：test_json
2019-06-13 05:27:02,595 - root - INFO - Successfully written：test_json
2019-06-13 05:27:02,595 - root - INFO - Successfully written：test_json
2019-06-13 05:27:02,595 - root - INFO - Successfully written：test_json
2019-06-13 09:43:26,273 - root - INFO - Successfully written：status_json
2019-06-13 09:43:26,487 - root - INFO - Successfully written：test_json
2019-06-13 09:43:26,487 - root - INFO - Successfully written：test_json
2019-06-13 10:04:22,021 - root - INFO - Successfully written：status_json
2019-06-13 10:04:22,223 - root - INFO - Successfully written：test_json
2019-06-13 10:04:22,223 - root - INFO - Successfully written：test_json
